Step: build-step-credential-initializer:

Step: build-step-git-source:

Step: build-step-jenkins:

Picked up _JAVA_OPTIONS: -Xmx400m
Started
Running in Durability level: PERFORMANCE_OPTIMIZED
  19.626 [id=28]	WARNING	i.f.k.c.i.VersionUsageUtils#alert: The client is using resource type 'customresourcedefinitions' with unstable version 'v1beta1'
  33.377 [id=75]	WARNING	o.j.plugins.workflow.cps.DSL#invokeStep: Error storing the arguments for step: checkout
org.kohsuke.stapler.NoStaplerConstructorException: There's no @DataBoundConstructor on any constructor of class io.jenkins.jenkinsfile.runner.FileSystemSCM
	at org.kohsuke.stapler.ClassDescriptor.loadConstructorParamNames(ClassDescriptor.java:265)
	at org.jenkinsci.plugins.structs.describable.DescribableModel.<init>(DescribableModel.java:144)
	at org.jenkinsci.plugins.structs.describable.DescribableModel.of(DescribableModel.java:114)
	at org.jenkinsci.plugins.workflow.cps.actions.ArgumentsActionImpl.sanitizeObjectAndRecordMutation(ArgumentsActionImpl.java:294)
	at org.jenkinsci.plugins.workflow.cps.actions.ArgumentsActionImpl.sanitizeMapAndRecordMutation(ArgumentsActionImpl.java:386)
	at org.jenkinsci.plugins.workflow.cps.actions.ArgumentsActionImpl.<init>(ArgumentsActionImpl.java:74)
	at org.jenkinsci.plugins.workflow.cps.DSL.invokeStep(DSL.java:245)
	at org.jenkinsci.plugins.workflow.cps.DSL.invokeMethod(DSL.java:178)
	at org.jenkinsci.plugins.workflow.cps.CpsScript.invokeMethod(CpsScript.java:122)
	at org.codehaus.groovy.runtime.callsite.PogoMetaClassSite.call(PogoMetaClassSite.java:48)
	at org.codehaus.groovy.runtime.callsite.CallSiteArray.defaultCall(CallSiteArray.java:48)
	at org.codehaus.groovy.runtime.callsite.AbstractCallSite.call(AbstractCallSite.java:113)
	at com.cloudbees.groovy.cps.sandbox.DefaultInvoker.methodCall(DefaultInvoker.java:20)
	at com.cloudbees.groovy.cps.impl.ContinuationGroup.methodCall(ContinuationGroup.java:57)
	at com.cloudbees.groovy.cps.impl.FunctionCallBlock$ContinuationImpl.dispatchOrArg(FunctionCallBlock.java:109)
	at com.cloudbees.groovy.cps.impl.FunctionCallBlock$ContinuationImpl.fixArg(FunctionCallBlock.java:82)
	at sun.reflect.GeneratedMethodAccessor137.invoke(Unknown Source)
	at sun.reflect.DelegatingMethodAccessorImpl.invoke(DelegatingMethodAccessorImpl.java:43)
	at java.lang.reflect.Method.invoke(Method.java:498)
	at com.cloudbees.groovy.cps.impl.ContinuationPtr$ContinuationImpl.receive(ContinuationPtr.java:72)
	at com.cloudbees.groovy.cps.impl.PropertyishBlock$ContinuationImpl.get(PropertyishBlock.java:76)
	at com.cloudbees.groovy.cps.LValueBlock$GetAdapter.receive(LValueBlock.java:30)
	at com.cloudbees.groovy.cps.impl.PropertyishBlock$ContinuationImpl.fixName(PropertyishBlock.java:66)
	at sun.reflect.GeneratedMethodAccessor167.invoke(Unknown Source)
	at sun.reflect.DelegatingMethodAccessorImpl.invoke(DelegatingMethodAccessorImpl.java:43)
	at java.lang.reflect.Method.invoke(Method.java:498)
	at com.cloudbees.groovy.cps.impl.ContinuationPtr$ContinuationImpl.receive(ContinuationPtr.java:72)
	at com.cloudbees.groovy.cps.impl.ConstantBlock.eval(ConstantBlock.java:21)
	at com.cloudbees.groovy.cps.Next.step(Next.java:83)
	at com.cloudbees.groovy.cps.Continuable$1.call(Continuable.java:174)
	at com.cloudbees.groovy.cps.Continuable$1.call(Continuable.java:163)
	at org.codehaus.groovy.runtime.GroovyCategorySupport$ThreadCategoryInfo.use(GroovyCategorySupport.java:129)
	at org.codehaus.groovy.runtime.GroovyCategorySupport.use(GroovyCategorySupport.java:268)
	at com.cloudbees.groovy.cps.Continuable.run0(Continuable.java:163)
	at org.jenkinsci.plugins.workflow.cps.SandboxContinuable.access$101(SandboxContinuable.java:34)
	at org.jenkinsci.plugins.workflow.cps.SandboxContinuable.lambda$run0$0(SandboxContinuable.java:59)
	at org.jenkinsci.plugins.scriptsecurity.sandbox.groovy.GroovySandbox.runInSandbox(GroovySandbox.java:108)
	at org.jenkinsci.plugins.workflow.cps.SandboxContinuable.run0(SandboxContinuable.java:58)
	at org.jenkinsci.plugins.workflow.cps.CpsThread.runNextChunk(CpsThread.java:182)
	at org.jenkinsci.plugins.workflow.cps.CpsThreadGroup.run(CpsThreadGroup.java:332)
	at org.jenkinsci.plugins.workflow.cps.CpsThreadGroup.access$200(CpsThreadGroup.java:83)
	at org.jenkinsci.plugins.workflow.cps.CpsThreadGroup$2.call(CpsThreadGroup.java:244)
	at org.jenkinsci.plugins.workflow.cps.CpsThreadGroup$2.call(CpsThreadGroup.java:232)
	at org.jenkinsci.plugins.workflow.cps.CpsVmExecutorService$2.call(CpsVmExecutorService.java:64)
	at java.util.concurrent.FutureTask.run(FutureTask.java:266)
	at hudson.remoting.SingleLaneExecutorService$1.run(SingleLaneExecutorService.java:131)
	at jenkins.util.ContextResettingExecutorService$1.run(ContextResettingExecutorService.java:28)
	at jenkins.security.ImpersonatingExecutorService$1.run(ImpersonatingExecutorService.java:59)
	at java.util.concurrent.Executors$RunnableAdapter.call(Executors.java:511)
	at java.util.concurrent.FutureTask.run(FutureTask.java:266)
	at java.util.concurrent.ThreadPoolExecutor.runWorker(ThreadPoolExecutor.java:1149)
	at java.util.concurrent.ThreadPoolExecutor$Worker.run(ThreadPoolExecutor.java:624)
	at java.lang.Thread.run(Thread.java:748)
[Pipeline] node
Running on Jenkins in /tmp/jenkinsTests.tmp/jenkins5350344477501114609test/workspace/job
[Pipeline] {
[Pipeline] stage
[Pipeline] { (Declarative: Checkout SCM)
[Pipeline] checkout
[Pipeline] }
[Pipeline] // stage
[Pipeline] withCredentials
[Pipeline] {
[Pipeline] withEnv
[Pipeline] {
[Pipeline] stage
[Pipeline] { (CI Build and push snapshot)
Stage "CI Build and push snapshot" skipped due to when conditional
[Pipeline] }
[Pipeline] // stage
[Pipeline] stage
[Pipeline] { (Build Release)
[Pipeline] git
 > git rev-parse --is-inside-work-tree # timeout=10
Fetching changes from the remote Git repository
 > git config remote.origin.url https://github.com/jstrachan/nodey37.git # timeout=10
Fetching upstream changes from https://github.com/jstrachan/nodey37.git
 > git --version # timeout=10
 > git fetch --tags --progress https://github.com/jstrachan/nodey37.git +refs/heads/*:refs/remotes/origin/*
 > git rev-parse refs/remotes/origin/master^{commit} # timeout=10
 > git rev-parse refs/remotes/origin/origin/master^{commit} # timeout=10
Checking out Revision 298aa563c2cea503c85a0595389209c66815de14 (refs/remotes/origin/master)
 > git config core.sparsecheckout # timeout=10
 > git checkout -f 298aa563c2cea503c85a0595389209c66815de14
 > git branch -a -v --no-abbrev # timeout=10
 > git branch -D master # timeout=10
 > git checkout -b master 298aa563c2cea503c85a0595389209c66815de14
Commit message: "moah awesome"
First time build. Skipping changelog.
[Pipeline] sh
+ jx-release-version
+ echo 0.0.2
[Pipeline] sh
+ cat VERSION
+ jx step tag --version 0.0.2
Tag v0.0.2 created and pushed to remote origin
[Pipeline] sh
+ npm install
npm notice created a lockfile as package-lock.json. You should commit this file.
npm WARN REPLACE_ME@1.0.0 No repository field.
npm WARN REPLACE_ME@1.0.0 No license field.

up to date in 0.083s
[Pipeline] sh
+ CI=true DISPLAY=:99 npm test

> REPLACE_ME@1.0.0 test /tmp/jenkinsTests.tmp/jenkins5350344477501114609test/workspace/job
> echo "no test specified" && exit 0

no test specified
[Pipeline] sh
+ cat VERSION
+ export VERSION=0.0.2
+ skaffold build -f skaffold.yaml
time="2018-12-21T14:35:19Z" level=warning msg="config version (skaffold/v1alpha2) out of date: upgrading to latest (skaffold/v1beta1)"
Starting build...
Building [changeme]...
Sending build context to Docker daemon  165.4kB
Step 1/6 : FROM node:9-slim
9-slim: Pulling from library/node
5bba3ecb4cd6: Pulling fs layer
196b8e3c919d: Pulling fs layer
7d083412657b: Pulling fs layer
a88538b9cd05: Pulling fs layer
e01bd28a434b: Pulling fs layer
a88538b9cd05: Waiting
e01bd28a434b: Waiting
196b8e3c919d: Download complete
7d083412657b: Verifying Checksum
7d083412657b: Download complete
5bba3ecb4cd6: Verifying Checksum
5bba3ecb4cd6: Download complete
e01bd28a434b: Verifying Checksum
e01bd28a434b: Download complete
a88538b9cd05: Verifying Checksum
a88538b9cd05: Download complete
5bba3ecb4cd6: Pull complete
196b8e3c919d: Pull complete
7d083412657b: Pull complete
a88538b9cd05: Pull complete
e01bd28a434b: Pull complete
Digest: sha256:288b29c1925d65b2d7d8701f8ada201e7dcd066438c0fb4299c35dff129b893f
Status: Downloaded newer image for node:9-slim
 ---> e20bb4abe4ee
Step 2/6 : ENV PORT 8080
 ---> Running in 9bd787d675d5
 ---> ec91dce2cde4
Step 3/6 : EXPOSE 8080
 ---> Running in 089e5320ab3e
 ---> 1ce3e4f77a3a
Step 4/6 : WORKDIR /usr/src/app
 ---> 19b36722c11b
Step 5/6 : COPY . .
 ---> 38fd40d3208f
Step 6/6 : CMD npm start
 ---> Running in 2aca45417267
 ---> a7306b63990a
Successfully built a7306b63990a
The push refers to a repository [10.67.245.120:5000/jstrachan/nodey37]
477c74ca076b: Preparing
74e546762e36: Preparing
e16c226cf2a8: Preparing
7fd597d009e4: Preparing
7c6ab5fb7059: Preparing
ed271eac23e9: Preparing
156ff16f37e4: Preparing
ed271eac23e9: Waiting
156ff16f37e4: Waiting
7fd597d009e4: Layer already exists
7c6ab5fb7059: Pushed
74e546762e36: Pushed
ed271eac23e9: Pushed
156ff16f37e4: Layer already exists
477c74ca076b: Pushed
e16c226cf2a8: Pushed
0.0.2: digest: sha256:d39828c971386133dd37782d1f971bbe95e79557d07e14b2c4215d55d85ad78c size: 1786
Build complete in 14.741974665s
Starting test...
Test complete in 5.46µs
changeme -> 10.67.245.120:5000/jstrachan/nodey37:0.0.2
[Pipeline] sh
+ cat VERSION
+ jx step post build --image 10.67.245.120:5000/jstrachan/nodey37:0.0.2
[Pipeline] }
[Pipeline] // stage
[Pipeline] stage
[Pipeline] { (Promote to Environments)
[Pipeline] dir
Running in /tmp/jenkinsTests.tmp/jenkins5350344477501114609test/workspace/job/charts/nodey37
[Pipeline] {
[Pipeline] sh
+ cat ../../VERSION
+ jx step changelog --version v0.0.2
Using batch mode as inside a pipeline
Generating change log from git ref 298aa563c2cea503c85a0595389209c66815de14 => 32f1c53cc00c4311fb67fd6446019a4e586e3bb7
Unable to find user: jenkins-x.googlegroups.com -- users.jenkins.io "jenkins-x.googlegroups.com" is forbidden: User "system:serviceaccount:jx:knative-build-bot" cannot get users.jenkins.io in the namespace "jx"
Unable to find user: jenkins-x.googlegroups.com -- users.jenkins.io "jenkins-x.googlegroups.com" is forbidden: User "system:serviceaccount:jx:knative-build-bot" cannot get users.jenkins.io in the namespace "jx"
Finding issues in commit messages using git format
No release found for jstrachan/nodey37 and tag v0.0.2 so creating a new release
Updated the release information at https://github.com/jstrachan/nodey37/releases/tag/v0.0.2
generated: /tmp/jenkinsTests.tmp/jenkins5350344477501114609test/workspace/job/charts/nodey37/templates/release.yaml
Failed to create Release nodey37-0-0-2 in namespace jx: releases.jenkins.io is forbidden: User "system:serviceaccount:jx:knative-build-bot" cannot create releases.jenkins.io in the namespace "jx"
Updating PipelineActivity jstrachan-nodey37-master-2 with version 0.0.2
Updated PipelineActivities jstrachan-nodey37-master-2 with release notes URL: https://github.com/jstrachan/nodey37/releases/tag/v0.0.2
[Pipeline] sh
+ jx step helm release
No $CHART_REPOSITORY defined so using the default value of: http://jenkins-x-chartmuseum:8080
Adding missing Helm repo: jenkins-x http://chartmuseum.jenkins-x.io
Successfully added Helm repository jenkins-x.
Adding missing Helm repo: releases http://jenkins-x-chartmuseum:8080
Successfully added Helm repository releases.
No $CHART_REPOSITORY defined so using the default value of: http://jenkins-x-chartmuseum:8080
Uploading chart file nodey37-0.0.2.tgz to http://jenkins-x-chartmuseum:8080/api/charts
Received 201 response: {"saved":true}
[Pipeline] sh
+ cat ../../VERSION
+ jx promote -b --all-auto --timeout 1h --version 0.0.2
prow based install so skip waiting for the merge of Pull Requests to go green as currently there is an issue with gettingstatuses from the PR, see https://github.com/jenkins-x/jx/issues/2410
Promoting app nodey37 version 0.0.2 to namespace jx-staging
Could not find Jenkins URL services "jenkins" not found in namespace jx
Created Pull Request: https://github.com/jstrachan/environment-jstrachan-prow10-staging/pull/5

Could not find Jenkins URL services "jenkins" not found in namespace jx
Pull Request https://github.com/jstrachan/environment-jstrachan-prow10-staging/pull/5 is merged at sha 07d6e1dbd7f18e4f6c40e1dbfcbdca81e1434d5b
Pull Request merged but we are not waiting for the update pipeline to complete!
Could not find the service URL in namespace jx-staging for names nodey37, jx-nodey37, jx-staging-nodey37
[Pipeline] }
[Pipeline] // dir
[Pipeline] }
[Pipeline] // stage
[Pipeline] }
[Pipeline] // withEnv
[Pipeline] }
[Pipeline] // withCredentials
[Pipeline] }
[Pipeline] // node
[Pipeline] End of Pipeline
